<?xml version="1.0" ?>
<testsuites>
    <testsuite name="sprint_1" tests="2" failures="0" errors="0" skipped="0">
        <testcase classname="test_case_1.py" name="Validate Reset Functionality" time="45.318898">
            <system-out>Success</system-out>
        </testcase>
        <testcase classname="test_case_2.py" name="Checkout Process Validation" time="40.524919">
            <system-out>Success</system-out>
        </testcase>
    </testsuite>
    <testsuite name="sprint_2" tests="2" failures="0" errors="0" skipped="0">
        <testcase classname="test_case_1.py" name="E2E Checkout Flow" time="72.480018">
            <system-out>Success</system-out>
        </testcase>
        <testcase classname="test_case_2.py" name="Add Items to Cart" time="31.474378">
            <system-out>Success</system-out>
        </testcase>
    </testsuite>
    <testsuite name="sprint_3" tests="1" failures="1" errors="0" skipped="0">
        <testcase classname="test_case_1.py" name="E2E Checkout Flow" time="29.749256">
            <failure message="E2E Checkout Flow">Test case failed</failure>
        </testcase>
    </testsuite>
</testsuites>
