<?xml version="1.0" ?>
<testsuites>
    <testsuite name="cbc - poc_data - sheet1 (3)" tests="3" failures="3" errors="0" skipped="0">
        <testcase classname="test_case_1.py" name="Positive  Login Test" time="0.255232">
            <system-out>Success</system-out>
        </testcase>
        <testcase classname="test_case_2.py" name="Negative Username Test" time="0.214953">
            <system-out>Success</system-out>
        </testcase>
        <testcase classname="test_case_3.py" name="Negative Password Test" time="0.181363">
            <system-out>Success</system-out>
        </testcase>
    </testsuite>
    <testsuite name="tests" tests="3" failures="2" errors="0" skipped="0">
        <testcase classname="test_case_1.py" name="Positive Login Test" time="94.770084">
            <system-out>Success</system-out>
        </testcase>
        <testcase classname="test_case_2.py" name="Negative Username Test" time="27.125206">
            <system-out>Success</system-out>
        </testcase>
        <testcase classname="test_case_3.py" name="Negative Password Test" time="58.498192">
            <failure message="Negative Password Test">Test case failed</failure>
        </testcase>
    </testsuite>
</testsuites>
