<?xml version="1.0" ?>
<testsuites>
    <testsuite name="sprint_1" tests="2" failures="0" errors="0" skipped="0">
        <testcase classname="test_case_1.py" name="Validate Reset Functionality" time="47.432836">
            <system-out>Success</system-out>
        </testcase>
        <testcase classname="test_case_2.py" name="Checkout Process Validation" time="47.842295">
            <system-out>Success</system-out>
        </testcase>
    </testsuite>
    <testsuite name="sprint_2" tests="2" failures="0" errors="0" skipped="0">
        <testcase classname="test_case_1.py" name="E2E Checkout Flow" time="66.815485">
            <system-out>Success</system-out>
        </testcase>
        <testcase classname="test_case_2.py" name="Add Items to Cart" time="36.7747">
            <system-out>Success</system-out>
        </testcase>
    </testsuite>
    <testsuite name="sprint_3" tests="1" failures="1" errors="0" skipped="0">
        <testcase classname="test_case_1.py" name="E2E Checkout Flow" time="29.31025">
            <failure message="E2E Checkout Flow">Test case failed</failure>
        </testcase>
    </testsuite>
</testsuites>
